<?xml version="1.0" encoding="UTF-8"?>
<!-- Generated by org.testng.reporters.JUnitXMLReporter -->
<testsuite hostname="Dosi" ignored="0" name="LoginTest" tests="2" failures="2" timestamp="04 Mar 2019 03:30:32 GMT" time="37.504" errors="0">
  <testcase name="invalidLoginTest_InvalidUserNameInvalidPassword" time="12.165" classname="tests.LoginTests">
    <failure type="java.lang.AssertionError" message="expected [E-posta adresiniz veya ÅŸifreniz hatalÄ±] but found [E-posta adresiniz veya şifreniz hatalı]">
      <![CDATA[java.lang.AssertionError: expected [E-posta adresiniz veya ÅŸifreniz hatalÄ±] but found [E-posta adresiniz veya şifreniz hatalı]
at tests.LoginTests.invalidLoginTest_InvalidUserNameInvalidPassword(LoginTests.java:21)
... Removed 31 stack frames]]>
    </failure>
  </testcase> <!-- invalidLoginTest_InvalidUserNameInvalidPassword -->
  <testcase name="invalidLoginTest_EmptyUserEmptyPassword" time="6.355" classname="tests.LoginTests">
    <failure type="java.lang.AssertionError" message="expected [LÃ¼tfen e-posta adresinizi girin.] but found [Lütfen e-posta adresinizi girin.]">
      <![CDATA[java.lang.AssertionError: expected [LÃ¼tfen e-posta adresinizi girin.] but found [Lütfen e-posta adresinizi girin.]
at tests.LoginTests.invalidLoginTest_EmptyUserEmptyPassword(LoginTests.java:34)
... Removed 31 stack frames]]>
    </failure>
  </testcase> <!-- invalidLoginTest_EmptyUserEmptyPassword -->
</testsuite> <!-- LoginTest -->
