<?xml version="1.0" encoding="UTF-8"?>
<testsuite xmlns:xsi="http://www.w3.org/2001/XMLSchema-instance" xsi:schemaLocation="https://maven.apache.org/surefire/maven-surefire-plugin/xsd/surefire-test-report.xsd" name="TestSuite" time="44.259" tests="2" errors="0" skipped="0" failures="2">
  <properties>
[...]
</properties>
  <testcase name="invalidLoginTest_InvalidUserNameInvalidPassword" classname="tests.LoginTests" time="9.163">
    <failure message="expected [E-posta adresiniz veya ÅŸifreniz hatalÄ±] but found [E-posta adresiniz veya şifreniz hatalı]" type="java.lang.AssertionError">java.lang.AssertionError: expected [E-posta adresiniz veya ÅŸifreniz hatalÄ±] but found [E-posta adresiniz veya şifreniz hatalı]
	at tests.LoginTests.invalidLoginTest_InvalidUserNameInvalidPassword(LoginTests.java:25)
</failure>
    <system-out><![CDATA[After goToN11
After goToLoginPage
]]></system-out>
    <system-err><![CDATA[Starting ChromeDriver 2.45.615291 (ec3682e3c9061c10f26ea9e5cdcf3c53f3f74387) on port 35412
Only local connections are allowed.
]]></system-err>
  </testcase>
  <testcase name="invalidLoginTest_EmptyUserEmptyPassword" classname="tests.LoginTests" time="5.72">
    <failure message="expected [LÃ¼tfen e-posta adresinizi girin.] but found [Lütfen e-posta adresinizi girin.]" type="java.lang.AssertionError">java.lang.AssertionError: expected [LÃ¼tfen e-posta adresinizi girin.] but found [Lütfen e-posta adresinizi girin.]
	at tests.LoginTests.invalidLoginTest_EmptyUserEmptyPassword(LoginTests.java:42)
</failure>
    <system-out><![CDATA[After goToN11
After goToLoginPage
]]></system-out>
    <system-err><![CDATA[Starting ChromeDriver 2.45.615291 (ec3682e3c9061c10f26ea9e5cdcf3c53f3f74387) on port 40861
Only local connections are allowed.
]]></system-err>
  </testcase>
</testsuite>