<?xml version="1.0" encoding="UTF-8"?>
<!-- Generated by org.testng.reporters.JUnitXMLReporter -->
<testsuite hostname="Dosi" ignored="0" name="LoginTest2" tests="2" failures="1" timestamp="01 Mar 2019 05:47:21 GMT" time="46.441" errors="0">
  <testcase name="invalidLoginTest_InvalidUserNameInvalidPassword" time="11.172" classname="com.alg.tests.LoginTests2"/>
  <testcase name="invalidLoginTest_EmptyUserEmptyPassword" time="6.122" classname="com.alg.tests.LoginTests2">
    <failure type="java.lang.AssertionError" message="expected [Lütfen e-posta adresinizi girin] but found [Lütfen e-posta adresinizi girin.]">
      <![CDATA[java.lang.AssertionError: expected [Lütfen e-posta adresinizi girin] but found [Lütfen e-posta adresinizi girin.]
at com.alg.tests.LoginTests2.invalidLoginTest_EmptyUserEmptyPassword(LoginTests2.java:46)
... Removed 31 stack frames]]>
    </failure>
  </testcase> <!-- invalidLoginTest_EmptyUserEmptyPassword -->
</testsuite> <!-- LoginTest2 -->
