<?xml version="1.0" encoding="UTF-8"?>
<!-- Generated by org.testng.reporters.JUnitXMLReporter -->
<testsuite hostname="Dosi" ignored="0" name="LoginTest" tests="2" failures="0" timestamp="04 Mar 2019 03:35:51 GMT" time="47.781" errors="0">
  <testcase name="invalidLoginTest_InvalidUserNameInvalidPassword" time="11.191" classname="com.alg.tests.LoginTests"/>
  <testcase name="invalidLoginTest_EmptyUserEmptyPassword" time="7.26" classname="com.alg.tests.LoginTests"/>
</testsuite> <!-- LoginTest -->
