<?xml version="1.0" encoding="UTF-8"?>
<!-- Generated by org.testng.reporters.JUnitXMLReporter -->
<testsuite hostname="Dosi" ignored="0" name="RubikloudAssessmentTests" tests="2" failures="0" timestamp="08 Apr 2019 05:38:07 GMT" time="49.088" errors="0">
  <testcase name="checkAutopilotFeeInTotalCash" time="13.119" classname="com.tesla.tests.RubikloudAssessmentTests"/>
  <testcase name="checkCarbonImpactCanada" time="7.035" classname="com.tesla.tests.RubikloudAssessmentTests"/>
</testsuite> <!-- RubikloudAssessmentTests -->
