<?xml version="1.0" encoding="UTF-8"?>
<testng-results skipped="0" failed="0" ignored="0" total="2" passed="2">
  <reporter-output>
  </reporter-output>
  <suite name="N11 Test Suite" duration-ms="47781" started-at="2019-03-04T03:35:03Z" finished-at="2019-03-04T03:35:51Z">
    <groups>
    </groups>
    <test name="LoginTest" duration-ms="47781" started-at="2019-03-04T03:35:03Z" finished-at="2019-03-04T03:35:51Z">
      <class name="com.alg.tests.LoginTests">
        <test-method status="PASS" signature="setup()[pri:0, instance:com.alg.tests.LoginTests@42d80b78]" name="setup" is-config="true" duration-ms="2904" started-at="2019-03-04T03:35:03Z" finished-at="2019-03-04T03:35:06Z">
          <reporter-output>
          </reporter-output>
        </test-method> <!-- setup -->
        <test-method status="PASS" signature="invalidLoginTest_InvalidUserNameInvalidPassword()[pri:1, instance:com.alg.tests.LoginTests@42d80b78]" name="invalidLoginTest_InvalidUserNameInvalidPassword" duration-ms="11191" started-at="2019-03-04T03:35:06Z" finished-at="2019-03-04T03:35:17Z">
          <reporter-output>
          </reporter-output>
        </test-method> <!-- invalidLoginTest_InvalidUserNameInvalidPassword -->
        <test-method status="PASS" signature="teardown()[pri:0, instance:com.alg.tests.LoginTests@42d80b78]" name="teardown" is-config="true" duration-ms="11442" started-at="2019-03-04T03:35:17Z" finished-at="2019-03-04T03:35:29Z">
          <reporter-output>
          </reporter-output>
        </test-method> <!-- teardown -->
        <test-method status="PASS" signature="setup()[pri:0, instance:com.alg.tests.LoginTests@42d80b78]" name="setup" is-config="true" duration-ms="3391" started-at="2019-03-04T03:35:29Z" finished-at="2019-03-04T03:35:32Z">
          <reporter-output>
          </reporter-output>
        </test-method> <!-- setup -->
        <test-method status="PASS" signature="invalidLoginTest_EmptyUserEmptyPassword()[pri:2, instance:com.alg.tests.LoginTests@42d80b78]" name="invalidLoginTest_EmptyUserEmptyPassword" duration-ms="7260" started-at="2019-03-04T03:35:32Z" finished-at="2019-03-04T03:35:39Z">
          <reporter-output>
          </reporter-output>
        </test-method> <!-- invalidLoginTest_EmptyUserEmptyPassword -->
        <test-method status="PASS" signature="teardown()[pri:0, instance:com.alg.tests.LoginTests@42d80b78]" name="teardown" is-config="true" duration-ms="11555" started-at="2019-03-04T03:35:39Z" finished-at="2019-03-04T03:35:51Z">
          <reporter-output>
          </reporter-output>
        </test-method> <!-- teardown -->
      </class> <!-- com.alg.tests.LoginTests -->
    </test> <!-- LoginTest -->
  </suite> <!-- N11 Test Suite -->
</testng-results>
