<?xml version="1.0" encoding="UTF-8"?>
<!-- Generated by org.testng.reporters.JUnitXMLReporter -->
<testsuite hostname="Dosi" ignored="0" name="LoginTest" tests="2" failures="2" timestamp="30 Jan 2019 16:34:51 GMT" time="43.516" errors="0">
  <testcase name="invalidLoginTest_InvalidUserNameInvalidPassword" time="9.158" classname="tests.LoginTests">
    <failure type="java.lang.AssertionError" message="expected [E-posta adresiniz veya ÅŸifreniz hatalÄ±] but found [E-posta adresiniz veya şifreniz hatalı]">
      <![CDATA[java.lang.AssertionError: expected [E-posta adresiniz veya ÅŸifreniz hatalÄ±] but found [E-posta adresiniz veya şifreniz hatalı]
at tests.LoginTests.invalidLoginTest_InvalidUserNameInvalidPassword(LoginTests.java:25)
... Removed 34 stack frames]]>
    </failure>
  </testcase> <!-- invalidLoginTest_InvalidUserNameInvalidPassword -->
  <testcase name="invalidLoginTest_EmptyUserEmptyPassword" time="5.718" classname="tests.LoginTests">
    <failure type="java.lang.AssertionError" message="expected [LÃ¼tfen e-posta adresinizi girin.] but found [Lütfen e-posta adresinizi girin.]">
      <![CDATA[java.lang.AssertionError: expected [LÃ¼tfen e-posta adresinizi girin.] but found [Lütfen e-posta adresinizi girin.]
at tests.LoginTests.invalidLoginTest_EmptyUserEmptyPassword(LoginTests.java:42)
... Removed 34 stack frames]]>
    </failure>
  </testcase> <!-- invalidLoginTest_EmptyUserEmptyPassword -->
</testsuite> <!-- LoginTest -->
