<?xml version="1.0" encoding="UTF-8"?>
<!-- Generated by org.testng.reporters.JUnitXMLReporter -->
<testsuite hostname="Dosi" ignored="0" name="RubikloudAssessmentTests" tests="2" failures="0" timestamp="08 Apr 2019 05:34:29 GMT" time="49.027" errors="0">
  <testcase name="checkAutopilotFeeInTotalCash" time="13.84" classname="com.tesla.tests.RubikloudAssessmentTests"/>
  <testcase name="checkCarbonImpactCanada" time="8.113" classname="com.tesla.tests.RubikloudAssessmentTests"/>
</testsuite> <!-- RubikloudAssessmentTests -->
